0 info it worked if it ends with ok
1 verbose cli [ '/home/gerald/.nvm/v0.8.28/bin/node',
1 verbose cli   '/home/gerald/.nvm/v0.8.28/bin/npm',
1 verbose cli   'start',
1 verbose cli   '--prefix',
1 verbose cli   'client' ]
2 info using npm@1.2.30
3 info using node@v0.8.28
4 verbose read json /home/gerald/Development/Code/Phase4/phase-4-cookies-and-sessions-lab/package.json
5 error Error: ENOENT, open '/home/gerald/Development/Code/Phase4/phase-4-cookies-and-sessions-lab/package.json'
6 error If you need help, you may report this log at:
6 error     <http://github.com/isaacs/npm/issues>
6 error or email it to:
6 error     <npm-@googlegroups.com>
7 error System Linux 4.4.0-22000-Microsoft
8 error command "/home/gerald/.nvm/v0.8.28/bin/node" "/home/gerald/.nvm/v0.8.28/bin/npm" "start" "--prefix" "client"
9 error cwd /home/gerald/Development/Code/Phase4/phase-4-cookies-and-sessions-lab
10 error node -v v0.8.28
11 error npm -v 1.2.30
12 error path /home/gerald/Development/Code/Phase4/phase-4-cookies-and-sessions-lab/package.json
13 error code ENOENT
14 error errno 34
15 verbose exit [ 34, true ]
